<?xml version="1.0" encoding="UTF-8"?>
<!-- Generated by org.testng.reporters.JUnitReportReporter -->
<testsuite hostname="Shreyanvi" failures="0" tests="1" name="Maven_Sample.SampleMavenProgram.JenkinsMaven1" time="3.522" errors="0" timestamp="2023-12-03T15:59:35 IST" skipped="0">
  <testcase classname="Maven_Sample.SampleMavenProgram.JenkinsMaven1" name="test" time="3.522"/>
</testsuite> <!-- Maven_Sample.SampleMavenProgram.JenkinsMaven1 -->
